c:\users\dimitri\voxyc\platform\windows\voxyc\voxyc\release\voxyc.pch
c:\users\dimitri\voxyc\platform\windows\voxyc\voxyc\release\vc142.pdb
c:\users\dimitri\voxyc\platform\windows\voxyc\voxyc\release\stdafx.obj
c:\users\dimitri\voxyc\platform\windows\voxyc\voxyc\release\gui.obj
c:\users\dimitri\voxyc\platform\windows\voxyc\voxyc\release\grid.obj
c:\users\dimitri\voxyc\platform\windows\voxyc\voxyc\release\globals.obj
c:\users\dimitri\voxyc\platform\windows\voxyc\voxyc\release\framebuffer.obj
c:\users\dimitri\voxyc\platform\windows\voxyc\voxyc\release\fileio.obj
c:\users\dimitri\voxyc\platform\windows\voxyc\voxyc\release\engine2.obj
c:\users\dimitri\voxyc\platform\windows\voxyc\voxyc\release\editorcontroller.obj
c:\users\dimitri\voxyc\platform\windows\voxyc\voxyc\release\ddlutils.obj
c:\users\dimitri\voxyc\platform\windows\voxyc\voxyc\release\controls2.obj
c:\users\dimitri\voxyc\platform\windows\voxyc\voxyc\release\camera.obj
c:\users\dimitri\voxyc\platform\windows\voxyc\voxyc\release\batcher.obj
c:\users\dimitri\voxyc\platform\windows\voxyc\voxyc\release\batch.obj
c:\users\dimitri\voxyc\platform\windows\voxyc\voxyc\release\audio.obj
c:\users\dimitri\voxyc\platform\windows\voxyc\voxyc\release\orthoeditor.obj
c:\users\dimitri\voxyc\platform\windows\voxyc\voxyc\release\modeleditor.obj
c:\users\dimitri\voxyc\platform\windows\voxyc\voxyc\release\editorold.obj
c:\users\dimitri\voxyc\platform\windows\voxyc\voxyc\release\editor.obj
c:\users\dimitri\voxyc\platform\windows\voxyc\voxyc\release\voxycapp.obj
c:\users\dimitri\voxyc\platform\windows\voxyc\voxyc\release\main.obj
c:\users\dimitri\voxyc\platform\windows\voxyc\voxyc\release\luaprogram.obj
c:\users\dimitri\voxyc\platform\windows\voxyc\voxyc\release\spriterenderer2d.obj
c:\users\dimitri\voxyc\platform\windows\voxyc\voxyc\release\spriterenderer.obj
c:\users\dimitri\voxyc\platform\windows\voxyc\voxyc\release\softcanvas.obj
c:\users\dimitri\voxyc\platform\windows\voxyc\voxyc\release\skyboxrenderer.obj
c:\users\dimitri\voxyc\platform\windows\voxyc\voxyc\release\skeletalrenderer.obj
c:\users\dimitri\voxyc\platform\windows\voxyc\voxyc\release\shaperenderer.obj
c:\users\dimitri\voxyc\platform\windows\voxyc\voxyc\release\shape.obj
c:\users\dimitri\voxyc\platform\windows\voxyc\voxyc\release\shadowmap.obj
c:\users\dimitri\voxyc\platform\windows\voxyc\voxyc\release\scene.obj
c:\users\dimitri\voxyc\platform\windows\voxyc\voxyc\release\renderer.obj
c:\users\dimitri\voxyc\platform\windows\voxyc\voxyc\release\readdata.obj
c:\users\dimitri\voxyc\platform\windows\voxyc\voxyc\release\platformaudio.obj
c:\users\dimitri\voxyc\platform\windows\voxyc\voxyc\release\physics.obj
c:\users\dimitri\voxyc\platform\windows\voxyc\voxyc\release\ozzrenderer.obj
c:\users\dimitri\voxyc\platform\windows\voxyc\voxyc\release\objwriter.obj
c:\users\dimitri\voxyc\platform\windows\voxyc\voxyc\release\object.obj
c:\users\dimitri\voxyc\platform\windows\voxyc\voxyc\release\modelrenderer.obj
c:\users\dimitri\voxyc\platform\windows\voxyc\voxyc\release\model2.obj
c:\users\dimitri\voxyc\platform\windows\voxyc\voxyc\release\mesh.obj
c:\users\dimitri\voxyc\platform\windows\voxyc\voxyc\release\luabridge.obj
c:\users\dimitri\voxyc\platform\windows\voxyc\voxyc\release\windows.obj
c:\users\dimitri\voxyc\platform\windows\voxyc\voxyc\release\voxyc.obj
c:\users\dimitri\voxyc\platform\windows\voxyc\voxyc\release\lodepng.obj
c:\users\dimitri\voxyc\platform\windows\voxyc\voxyc\release\voxels.obj
c:\users\dimitri\voxyc\platform\windows\voxyc\voxyc\release\vertexlights.obj
c:\users\dimitri\voxyc\platform\windows\voxyc\voxyc\release\texturemanager2.obj
c:\users\dimitri\voxyc\platform\windows\voxyc\voxyc\release\textureatlas.obj
c:\users\dimitri\voxyc\platform\windows\voxyc\voxyc\release\textprinter.obj
c:\users\dimitri\voxyc\platform\windows\voxyc\voxyc\release\terrain.obj
c:\users\dimitri\voxyc\platform\windows\voxyc\voxyc\release\lobject.obj
c:\users\dimitri\voxyc\platform\windows\voxyc\voxyc\release\loadlib.obj
c:\users\dimitri\voxyc\platform\windows\voxyc\voxyc\release\lmem.obj
c:\users\dimitri\voxyc\platform\windows\voxyc\voxyc\release\lmathlib.obj
c:\users\dimitri\voxyc\platform\windows\voxyc\voxyc\release\llex.obj
c:\users\dimitri\voxyc\platform\windows\voxyc\voxyc\release\liolib.obj
c:\users\dimitri\voxyc\platform\windows\voxyc\voxyc\release\linit.obj
c:\users\dimitri\voxyc\platform\windows\voxyc\voxyc\release\lgc.obj
c:\users\dimitri\voxyc\platform\windows\voxyc\voxyc\release\lfunc.obj
c:\users\dimitri\voxyc\platform\windows\voxyc\voxyc\release\ldump.obj
c:\users\dimitri\voxyc\platform\windows\voxyc\voxyc\release\ldo.obj
c:\users\dimitri\voxyc\platform\windows\voxyc\voxyc\release\ldebug.obj
c:\users\dimitri\voxyc\platform\windows\voxyc\voxyc\release\ldblib.obj
c:\users\dimitri\voxyc\platform\windows\voxyc\voxyc\release\lctype.obj
c:\users\dimitri\voxyc\platform\windows\voxyc\voxyc\release\lcorolib.obj
c:\users\dimitri\voxyc\platform\windows\voxyc\voxyc\release\lcode.obj
c:\users\dimitri\voxyc\platform\windows\voxyc\voxyc\release\lbitlib.obj
c:\users\dimitri\voxyc\platform\windows\voxyc\voxyc\release\lbaselib.obj
c:\users\dimitri\voxyc\platform\windows\voxyc\voxyc\release\lauxlib.obj
c:\users\dimitri\voxyc\platform\windows\voxyc\voxyc\release\lapi.obj
c:\users\dimitri\voxyc\platform\windows\voxyc\voxyc\release\alhelpers.obj
c:\users\dimitri\voxyc\platform\windows\voxyc\voxyc\release\lzio.obj
c:\users\dimitri\voxyc\platform\windows\voxyc\voxyc\release\lvm.obj
c:\users\dimitri\voxyc\platform\windows\voxyc\voxyc\release\lutf8lib.obj
c:\users\dimitri\voxyc\platform\windows\voxyc\voxyc\release\lundump.obj
c:\users\dimitri\voxyc\platform\windows\voxyc\voxyc\release\luac.obj
c:\users\dimitri\voxyc\platform\windows\voxyc\voxyc\release\lua.obj
c:\users\dimitri\voxyc\platform\windows\voxyc\voxyc\release\ltm.obj
c:\users\dimitri\voxyc\platform\windows\voxyc\voxyc\release\ltablib.obj
c:\users\dimitri\voxyc\platform\windows\voxyc\voxyc\release\ltable.obj
c:\users\dimitri\voxyc\platform\windows\voxyc\voxyc\release\lstrlib.obj
c:\users\dimitri\voxyc\platform\windows\voxyc\voxyc\release\lstring.obj
c:\users\dimitri\voxyc\platform\windows\voxyc\voxyc\release\lstate.obj
c:\users\dimitri\voxyc\platform\windows\voxyc\voxyc\release\lparser.obj
c:\users\dimitri\voxyc\platform\windows\voxyc\voxyc\release\loslib.obj
c:\users\dimitri\voxyc\platform\windows\voxyc\voxyc\release\lopcodes.obj
c:\users\dimitri\voxyc\platform\windows\voxyc\release\voxyc.exe
c:\users\dimitri\voxyc\platform\windows\voxyc\release\voxyc.pdb
c:\users\dimitri\voxyc\platform\windows\voxyc\release\voxyc.ipdb
c:\users\dimitri\voxyc\platform\windows\voxyc\release\voxyc.iobj
c:\users\dimitri\voxyc\platform\windows\voxyc\voxyc\release\voxyc.tlog\cl.command.1.tlog
c:\users\dimitri\voxyc\platform\windows\voxyc\voxyc\release\voxyc.tlog\cl.read.1.tlog
c:\users\dimitri\voxyc\platform\windows\voxyc\voxyc\release\voxyc.tlog\cl.write.1.tlog
c:\users\dimitri\voxyc\platform\windows\voxyc\voxyc\release\voxyc.tlog\link.command.1.tlog
c:\users\dimitri\voxyc\platform\windows\voxyc\voxyc\release\voxyc.tlog\link.delete.1.tlog
c:\users\dimitri\voxyc\platform\windows\voxyc\voxyc\release\voxyc.tlog\link.read.1.tlog
c:\users\dimitri\voxyc\platform\windows\voxyc\voxyc\release\voxyc.tlog\link.write.1.tlog
c:\users\dimitri\voxyc\platform\windows\voxyc\voxyc\release\voxyc.tlog\voxyc.write.1u.tlog
